<?xml version="1.0" encoding="UTF-8"?>
<!-- Generated by org.testng.reporters.JUnitReportReporter -->
<testsuite name="testscript.PomTest" tests="3" time="11.374" ignored="0" failures="0" timestamp="25 Jan 2017 09:06:12 GMT" skipped="0" hostname="Tagrem-PC" errors="0">
  <testcase name="testloginpage" time="1.625" classname="testscript.PomTest"/>
  <testcase name="testForm" time="8.613" classname="testscript.PomTest"/>
  <testcase name="testHomePage" time="1.136" classname="testscript.PomTest"/>
</testsuite> <!-- testscript.PomTest -->
